0 verbose cli /usr/local/bin/node /usr/local/bin/npm
1 info using npm@11.7.0
2 info using node@v22.21.1
3 silly config load:file:/usr/local/lib/node_modules/npm/npmrc
4 silly config load:file:/home/container/.npmrc
5 silly config load:file:/usr/local/etc/npmrc
6 verbose title npm install
7 verbose argv "install"
8 verbose logfile logs-max:10 dir:/home/container/.npm/_logs/2026-01-11T11_29_02_497Z-
9 verbose logfile /home/container/.npm/_logs/2026-01-11T11_29_02_497Z-debug-0.log
10 silly logfile start cleaning logs, removing 1 files
11 silly logfile done cleaning log files
12 silly packumentCache heap:271581184 maxSize:67895296 maxEntrySize:33947648
13 silly idealTree buildDeps
14 silly reify moves {}
15 silly audit bulk request {
15 silly audit   '@derockdev/discord-components-core': [ '3.6.1' ],
15 silly audit   '@derockdev/discord-components-react': [ '3.6.1' ],
15 silly audit   '@discordjs/builders': [ '1.10.1' ],
15 silly audit   '@discordjs/collection': [ '1.5.3', '2.1.1' ],
15 silly audit   '@discordjs/formatters': [ '0.6.0' ],
15 silly audit   '@discordjs/rest': [ '2.4.3' ],
15 silly audit   undici: [ '6.21.1', '6.19.8', '5.27.2' ],
15 silly audit   '@discordjs/util': [ '1.1.1' ],
15 silly audit   '@discordjs/ws': [ '1.2.1' ],
15 silly audit   '@fastify/busboy': [ '2.1.1' ],
15 silly audit   '@sapphire/async-queue': [ '1.5.5' ],
15 silly audit   '@sapphire/shapeshift': [ '4.0.0' ],
15 silly audit   '@sapphire/snowflake': [ '3.5.3' ],
15 silly audit   '@stencil/core': [ '3.4.2' ],
15 silly audit   '@types/node': [ '22.13.1' ],
15 silly audit   '@types/prop-types': [ '15.7.13' ],
15 silly audit   '@types/react': [ '18.3.12' ],
15 silly audit   '@types/ws': [ '8.5.14' ],
15 silly audit   '@vladfrangu/async_event_emitter': [ '2.4.6' ],
15 silly audit   'ascii-table': [ '0.0.9' ],
15 silly audit   asynckit: [ '0.4.0' ],
15 silly audit   axios: [ '1.7.7' ],
15 silly audit   cloudinary: [ '2.6.0' ],
15 silly audit   clsx: [ '1.2.1' ],
15 silly audit   'combined-stream': [ '1.0.8' ],
15 silly audit   csstype: [ '3.1.3' ],
15 silly audit   'deepmerge-ts': [ '4.3.0' ],
15 silly audit   'delayed-stream': [ '1.0.0' ],
15 silly audit   'discord-api-types': [ '0.37.119' ],
15 silly audit   'discord-giveaways': [ '6.0.1' ],
15 silly audit   'discord-html-transcripts': [ '3.2.0' ],
15 silly audit   'discord-markdown-parser': [ '1.1.0' ],
15 silly audit   'discord.js': [ '14.17.3' ],
15 silly audit   'fast-deep-equal': [ '3.1.3' ],
15 silly audit   'follow-redirects': [ '1.15.6' ],
15 silly audit   'form-data': [ '4.0.0' ],
15 silly audit   'fs-extra': [ '8.1.0' ],
15 silly audit   jsonfile: [ '4.0.0', '5.0.0' ],
15 silly audit   'graceful-fs': [ '4.2.11' ],
15 silly audit   hercai: [ '12.3.2' ],
15 silly audit   'hex-to-rgba': [ '2.0.1' ],
15 silly audit   'highlight.js': [ '11.10.0' ],
15 silly audit   'is-image-header': [ '3.0.7' ],
15 silly audit   'js-tokens': [ '4.0.0' ],
15 silly audit   lodash: [ '4.17.21' ],
15 silly audit   'lodash.snakecase': [ '4.1.1' ],
15 silly audit   'loose-envify': [ '1.4.0' ],
15 silly audit   'magic-bytes.js': [ '1.10.0' ],
15 silly audit   'mime-db': [ '1.52.0' ],
15 silly audit   'mime-types': [ '2.1.35' ],
15 silly audit   moment: [ '2.30.1' ],
15 silly audit   ms: [ '2.1.3' ],
15 silly audit   'probot-transfer-uniqx': [ '1.0.0' ],
15 silly audit   'proxy-from-env': [ '1.1.0' ],
15 silly audit   q: [ '1.5.1' ],
15 silly audit   randombytes: [ '2.1.0' ],
15 silly audit   react: [ '18.3.1' ],
15 silly audit   'react-dom': [ '18.3.1' ],
15 silly audit   'safe-buffer': [ '5.2.1' ],
15 silly audit   scheduler: [ '0.23.2' ],
15 silly audit   'serialize-javascript': [ '6.0.2' ],
15 silly audit   'simple-markdown': [ '0.7.3' ],
15 silly audit   'st.db': [ '6.0.1' ],
15 silly audit   'string-crypto': [ '2.0.2' ],
15 silly audit   'ts-mixer': [ '6.0.4' ],
15 silly audit   tslib: [ '2.8.1' ],
15 silly audit   twemoji: [ '14.0.2' ],
15 silly audit   'twemoji-parser': [ '14.0.0' ],
15 silly audit   'undici-types': [ '6.20.0' ],
15 silly audit   universalify: [ '0.1.2' ],
15 silly audit   uuid: [ '10.0.0' ],
15 silly audit   ws: [ '8.18.0' ],
15 silly audit   yaml: [ '2.5.0' ]
15 silly audit }
16 http fetch POST 200 https://registry.npmjs.org/-/npm/v1/security/advisories/bulk 1040ms
17 silly audit report {
17 silly audit report   undici: [
17 silly audit report     {
17 silly audit report       id: 1101609,
17 silly audit report       url: 'https://github.com/advisories/GHSA-c76h-2ccp-4975',
17 silly audit report       title: 'Use of Insufficiently Random Values in undici',
17 silly audit report       severity: 'moderate',
17 silly audit report       vulnerable_versions: '>=6.0.0 <6.21.1',
17 silly audit report       cwe: [Array],
17 silly audit report       cvss: [Object]
17 silly audit report     },
17 silly audit report     {
17 silly audit report       id: 1101610,
17 silly audit report       url: 'https://github.com/advisories/GHSA-c76h-2ccp-4975',
17 silly audit report       title: 'Use of Insufficiently Random Values in undici',
17 silly audit report       severity: 'moderate',
17 silly audit report       vulnerable_versions: '>=4.5.0 <5.28.5',
17 silly audit report       cwe: [Array],
17 silly audit report       cvss: [Object]
17 silly audit report     },
17 silly audit report     {
17 silly audit report       id: 1104500,
17 silly audit report       url: 'https://github.com/advisories/GHSA-cxrh-j4jr-qwg3',
17 silly audit report       title: 'undici Denial of Service attack via bad certificate data',
17 silly audit report       severity: 'low',
17 silly audit report       vulnerable_versions: '>=6.0.0 <6.21.2',
17 silly audit report       cwe: [Array],
17 silly audit report       cvss: [Object]
17 silly audit report     },
17 silly audit report     {
17 silly audit report       id: 1104501,
17 silly audit report       url: 'https://github.com/advisories/GHSA-cxrh-j4jr-qwg3',
17 silly audit report       title: 'undici Denial of Service attack via bad certificate data',
17 silly audit report       severity: 'low',
17 silly audit report       vulnerable_versions: '<5.29.0',
17 silly audit report       cwe: [Array],
17 silly audit report       cvss: [Object]
17 silly audit report     },
17 silly audit report     {
17 silly audit report       id: 1109581,
17 silly audit report       url: 'https://github.com/advisories/GHSA-9qxr-qj54-h672',
17 silly audit report       title: "Undici's fetch with integrity option is too lax when algorithm is specified but hash value is in incorrect",
17 silly audit report       severity: 'low',
17 silly audit report       vulnerable_versions: '<5.28.4',
17 silly audit report       cwe: [Array],
17 silly audit report       cvss: [Object]
17 silly audit report     },
17 silly audit report     {
17 silly audit report       id: 1109583,
17 silly audit report       url: 'https://github.com/advisories/GHSA-m4v8-wqvr-p9f7',
17 silly audit report       title: "Undici's Proxy-Authorization header not cleared on cross-origin redirect for dispatch, request, stream, pipeline",
17 silly audit report       severity: 'low',
17 silly audit report       vulnerable_versions: '<5.28.4',
17 silly audit report       cwe: [Array],
17 silly audit report       cvss: [Object]
17 silly audit report     },
17 silly audit report     {
17 silly audit report       id: 1097221,
17 silly audit report       url: 'https://github.com/advisories/GHSA-3787-6prv-h9w3',
17 silly audit report       title: 'Undici proxy-authorization header not cleared on cross-origin redirect in fetch',
17 silly audit report       severity: 'low',
17 silly audit report       vulnerable_versions: '<=5.28.2',
17 silly audit report       cwe: [Array],
17 silly audit report       cvss: [Object]
17 silly audit report     }
17 silly audit report   ],
17 silly audit report   axios: [
17 silly audit report     {
17 silly audit report       id: 1111035,
17 silly audit report       url: 'https://github.com/advisories/GHSA-jr5f-v2jv-69x6',
17 silly audit report       title: 'axios Requests Vulnerable To Possible SSRF and Credential Leakage via Absolute URL',
17 silly audit report       severity: 'high',
17 silly audit report       vulnerable_versions: '>=1.0.0 <1.8.2',
17 silly audit report       cwe: [Array],
17 silly audit report       cvss: [Object]
17 silly audit report     },
17 silly audit report     {
17 silly audit report       id: 1108263,
17 silly audit report       url: 'https://github.com/advisories/GHSA-4hjh-wcwx-xvwj',
17 silly audit report       title: 'Axios is vulnerable to DoS attack through lack of data size check',
17 silly audit report       severity: 'high',
17 silly audit report       vulnerable_versions: '>=1.0.0 <1.12.0',
17 silly audit report       cwe: [Array],
17 silly audit report       cvss: [Object]
17 silly audit report     }
17 silly audit report   ],
17 silly audit report   cloudinary: [
17 silly audit report     {
17 silly audit report       id: 1109723,
17 silly audit report       url: 'https://github.com/advisories/GHSA-g4mf-96x5-5m2c',
17 silly audit report       title: 'Cloudinary Node SDK is vulnerable to Arbitrary Argument Injection through parameters that include an ampersand',
17 silly audit report       severity: 'high',
17 silly audit report       vulnerable_versions: '<2.7.0',
17 silly audit report       cwe: [Array],
17 silly audit report       cvss: [Object]
17 silly audit report     }
17 silly audit report   ],
17 silly audit report   'form-data': [
17 silly audit report     {
17 silly audit report       id: 1109538,
17 silly audit report       url: 'https://github.com/advisories/GHSA-fjxv-7rqg-78g4',
17 silly audit report       title: 'form-data uses unsafe random function in form-data for choosing boundary',
17 silly audit report       severity: 'critical',
17 silly audit report       vulnerable_versions: '>=4.0.0 <4.0.4',
17 silly audit report       cwe: [Array],
17 silly audit report       cvss: [Object]
17 silly audit report     }
17 silly audit report   ]
17 silly audit report }
18 silly packumentCache corgi:https://registry.npmjs.org/undici cache-miss
19 silly packumentCache corgi:https://registry.npmjs.org/axios cache-miss
20 silly packumentCache corgi:https://registry.npmjs.org/cloudinary cache-miss
21 silly packumentCache corgi:https://registry.npmjs.org/form-data cache-miss
22 http fetch GET 200 https://registry.npmjs.org/undici 587ms (cache revalidated)
23 silly packumentCache corgi:https://registry.npmjs.org/undici set size:401965 disposed:false
24 http fetch GET 200 https://registry.npmjs.org/form-data 909ms (cache revalidated)
25 silly packumentCache corgi:https://registry.npmjs.org/form-data set size:51426 disposed:false
26 http fetch GET 200 https://registry.npmjs.org/axios 1053ms (cache revalidated)
27 silly packumentCache corgi:https://registry.npmjs.org/axios set size:262593 disposed:false
28 http fetch GET 200 https://registry.npmjs.org/cloudinary 1158ms (cache revalidated)
29 silly packumentCache corgi:https://registry.npmjs.org/cloudinary set size:155977 disposed:false
30 silly packumentCache corgi:https://registry.npmjs.org/discord.js cache-miss
31 http fetch GET 200 https://registry.npmjs.org/discord.js 245ms (cache revalidated)
32 silly packumentCache corgi:https://registry.npmjs.org/discord.js set size:3977561 disposed:false
33 silly packumentCache corgi:https://registry.npmjs.org/discord-html-transcripts cache-miss
34 http fetch GET 200 https://registry.npmjs.org/discord-html-transcripts 157ms (cache revalidated)
35 silly packumentCache corgi:https://registry.npmjs.org/discord-html-transcripts set size:64525 disposed:false
36 silly packumentCache corgi:https://registry.npmjs.org/@discordjs%2frest cache-miss
37 http fetch GET 200 https://registry.npmjs.org/@discordjs%2frest 139ms (cache revalidated)
38 silly packumentCache corgi:https://registry.npmjs.org/@discordjs%2frest set size:2849654 disposed:false
39 silly packumentCache corgi:https://registry.npmjs.org/hercai cache-miss
40 silly packumentCache corgi:https://registry.npmjs.org/is-image-header cache-miss
41 http fetch GET 200 https://registry.npmjs.org/hercai 361ms (cache revalidated)
42 silly packumentCache corgi:https://registry.npmjs.org/hercai set size:23895 disposed:false
43 http fetch GET 200 https://registry.npmjs.org/is-image-header 384ms (cache revalidated)
44 silly packumentCache corgi:https://registry.npmjs.org/is-image-header set size:16338 disposed:false
45 silly packumentCache corgi:https://registry.npmjs.org/discord-giveaways cache-miss
46 http fetch GET 200 https://registry.npmjs.org/discord-giveaways 620ms (cache revalidated)
47 silly packumentCache corgi:https://registry.npmjs.org/discord-giveaways set size:144665 disposed:false
48 silly packumentCache corgi:https://registry.npmjs.org/@discordjs%2fws cache-miss
49 http fetch GET 200 https://registry.npmjs.org/@discordjs%2fws 611ms (cache revalidated)
50 silly packumentCache corgi:https://registry.npmjs.org/@discordjs%2fws set size:2664505 disposed:false
51 verbose cwd /home/container
52 verbose os Linux 6.8.0-87-generic
53 verbose node v22.21.1
54 verbose npm  v11.7.0
55 verbose exit 0
56 info ok
