0 verbose cli /usr/local/bin/node /usr/local/bin/npm
1 info using npm@11.12.0
2 info using node@v22.22.1
3 silly config load:file:/usr/local/lib/node_modules/npm/npmrc
4 silly config load:file:/home/container/.npmrc
5 silly config load:file:/usr/local/etc/npmrc
6 verbose title npm install
7 verbose argv "install"
8 verbose logfile logs-max:10 dir:/home/container/.npm/_logs/2026-04-11T01_39_14_466Z-
9 verbose logfile /home/container/.npm/_logs/2026-04-11T01_39_14_466Z-debug-0.log
10 silly logfile start cleaning logs, removing 1 files
11 silly packumentCache heap:271581184 maxSize:67895296 maxEntrySize:33947648
12 silly logfile done cleaning log files
13 silly idealTree buildDeps
14 silly reify moves {}
15 silly audit bulk request {
15 silly audit   '@derockdev/discord-components-core': [ '3.6.1' ],
15 silly audit   '@derockdev/discord-components-react': [ '3.6.1' ],
15 silly audit   '@discordjs/builders': [ '1.10.1' ],
15 silly audit   '@discordjs/collection': [ '1.5.3', '2.1.1' ],
15 silly audit   '@discordjs/formatters': [ '0.6.0' ],
15 silly audit   '@discordjs/rest': [ '2.4.3' ],
15 silly audit   undici: [ '6.21.1', '6.19.8', '5.27.2' ],
15 silly audit   '@discordjs/util': [ '1.1.1' ],
15 silly audit   '@discordjs/ws': [ '1.2.1' ],
15 silly audit   '@fastify/busboy': [ '2.1.1' ],
15 silly audit   '@sapphire/async-queue': [ '1.5.5' ],
15 silly audit   '@sapphire/shapeshift': [ '4.0.0' ],
15 silly audit   '@sapphire/snowflake': [ '3.5.3' ],
15 silly audit   '@stencil/core': [ '3.4.2' ],
15 silly audit   '@types/node': [ '22.13.1' ],
15 silly audit   '@types/prop-types': [ '15.7.13' ],
15 silly audit   '@types/react': [ '18.3.12' ],
15 silly audit   '@types/ws': [ '8.5.14' ],
15 silly audit   '@vladfrangu/async_event_emitter': [ '2.4.6' ],
15 silly audit   'ascii-table': [ '0.0.9' ],
15 silly audit   asynckit: [ '0.4.0' ],
15 silly audit   axios: [ '1.7.7' ],
15 silly audit   cloudinary: [ '2.6.0' ],
15 silly audit   clsx: [ '1.2.1' ],
15 silly audit   'combined-stream': [ '1.0.8' ],
15 silly audit   csstype: [ '3.1.3' ],
15 silly audit   'deepmerge-ts': [ '4.3.0' ],
15 silly audit   'delayed-stream': [ '1.0.0' ],
15 silly audit   'discord-api-types': [ '0.37.119' ],
15 silly audit   'discord-giveaways': [ '6.0.1' ],
15 silly audit   'discord-html-transcripts': [ '3.2.0' ],
15 silly audit   'discord-markdown-parser': [ '1.1.0' ],
15 silly audit   'discord.js': [ '14.17.3' ],
15 silly audit   'fast-deep-equal': [ '3.1.3' ],
15 silly audit   'follow-redirects': [ '1.15.6' ],
15 silly audit   'form-data': [ '4.0.0' ],
15 silly audit   'fs-extra': [ '8.1.0' ],
15 silly audit   jsonfile: [ '4.0.0', '5.0.0' ],
15 silly audit   'graceful-fs': [ '4.2.11' ],
15 silly audit   hercai: [ '12.3.2' ],
15 silly audit   'hex-to-rgba': [ '2.0.1' ],
15 silly audit   'highlight.js': [ '11.10.0' ],
15 silly audit   'is-image-header': [ '3.0.7' ],
15 silly audit   'js-tokens': [ '4.0.0' ],
15 silly audit   lodash: [ '4.17.21' ],
15 silly audit   'lodash.snakecase': [ '4.1.1' ],
15 silly audit   'loose-envify': [ '1.4.0' ],
15 silly audit   'magic-bytes.js': [ '1.10.0' ],
15 silly audit   'mime-db': [ '1.52.0' ],
15 silly audit   'mime-types': [ '2.1.35' ],
15 silly audit   moment: [ '2.30.1' ],
15 silly audit   ms: [ '2.1.3' ],
15 silly audit   'probot-transfer-uniqx': [ '1.0.0' ],
15 silly audit   'proxy-from-env': [ '1.1.0' ],
15 silly audit   q: [ '1.5.1' ],
15 silly audit   randombytes: [ '2.1.0' ],
15 silly audit   react: [ '18.3.1' ],
15 silly audit   'react-dom': [ '18.3.1' ],
15 silly audit   'safe-buffer': [ '5.2.1' ],
15 silly audit   scheduler: [ '0.23.2' ],
15 silly audit   'serialize-javascript': [ '6.0.2' ],
15 silly audit   'simple-markdown': [ '0.7.3' ],
15 silly audit   'st.db': [ '6.0.1' ],
15 silly audit   'string-crypto': [ '2.0.2' ],
15 silly audit   'ts-mixer': [ '6.0.4' ],
15 silly audit   tslib: [ '2.8.1' ],
15 silly audit   twemoji: [ '14.0.2' ],
15 silly audit   'twemoji-parser': [ '14.0.0' ],
15 silly audit   'undici-types': [ '6.20.0' ],
15 silly audit   universalify: [ '0.1.2' ],
15 silly audit   uuid: [ '10.0.0' ],
15 silly audit   ws: [ '8.18.0' ],
15 silly audit   yaml: [ '2.5.0' ]
15 silly audit }
16 http fetch POST 200 https://registry.npmjs.org/-/npm/v1/security/advisories/bulk 604ms
17 silly audit report {
17 silly audit report   undici: [
17 silly audit report     {
17 silly audit report       id: 1101609,
17 silly audit report       url: 'https://github.com/advisories/GHSA-c76h-2ccp-4975',
17 silly audit report       title: 'Use of Insufficiently Random Values in undici',
17 silly audit report       severity: 'moderate',
17 silly audit report       vulnerable_versions: '>=6.0.0 <6.21.1',
17 silly audit report       cwe: [Array],
17 silly audit report       cvss: [Object]
17 silly audit report     },
17 silly audit report     {
17 silly audit report       id: 1101610,
17 silly audit report       url: 'https://github.com/advisories/GHSA-c76h-2ccp-4975',
17 silly audit report       title: 'Use of Insufficiently Random Values in undici',
17 silly audit report       severity: 'moderate',
17 silly audit report       vulnerable_versions: '>=4.5.0 <5.28.5',
17 silly audit report       cwe: [Array],
17 silly audit report       cvss: [Object]
17 silly audit report     },
17 silly audit report     {
17 silly audit report       id: 1112496,
17 silly audit report       url: 'https://github.com/advisories/GHSA-g9mf-h72j-4rw9',
17 silly audit report       title: 'Undici has an unbounded decompression chain in HTTP responses on Node.js Fetch API via Content-Encoding leads to resource exhaustion',
17 silly audit report       severity: 'moderate',
17 silly audit report       vulnerable_versions: '<6.23.0',
17 silly audit report       cwe: [Array],
17 silly audit report       cvss: [Object]
17 silly audit report     },
17 silly audit report     {
17 silly audit report       id: 1109581,
17 silly audit report       url: 'https://github.com/advisories/GHSA-9qxr-qj54-h672',
17 silly audit report       title: "Undici's fetch with integrity option is too lax when algorithm is specified but hash value is in incorrect",
17 silly audit report       severity: 'low',
17 silly audit report       vulnerable_versions: '<5.28.4',
17 silly audit report       cwe: [Array],
17 silly audit report       cvss: [Object]
17 silly audit report     },
17 silly audit report     {
17 silly audit report       id: 1109583,
17 silly audit report       url: 'https://github.com/advisories/GHSA-m4v8-wqvr-p9f7',
17 silly audit report       title: "Undici's Proxy-Authorization header not cleared on cross-origin redirect for dispatch, request, stream, pipeline",
17 silly audit report       severity: 'low',
17 silly audit report       vulnerable_versions: '<5.28.4',
17 silly audit report       cwe: [Array],
17 silly audit report       cvss: [Object]
17 silly audit report     },
17 silly audit report     {
17 silly audit report       id: 1113068,
17 silly audit report       url: 'https://github.com/advisories/GHSA-cxrh-j4jr-qwg3',
17 silly audit report       title: 'undici Denial of Service attack via bad certificate data',
17 silly audit report       severity: 'low',
17 silly audit report       vulnerable_versions: '>=6.0.0 <6.21.2',
17 silly audit report       cwe: [Array],
17 silly audit report       cvss: [Object]
17 silly audit report     },
17 silly audit report     {
17 silly audit report       id: 1113069,
17 silly audit report       url: 'https://github.com/advisories/GHSA-cxrh-j4jr-qwg3',
17 silly audit report       title: 'undici Denial of Service attack via bad certificate data',
17 silly audit report       severity: 'low',
17 silly audit report       vulnerable_versions: '<5.29.0',
17 silly audit report       cwe: [Array],
17 silly audit report       cvss: [Object]
17 silly audit report     },
17 silly audit report     {
17 silly audit report       id: 1114592,
17 silly audit report       url: 'https://github.com/advisories/GHSA-f269-vfmq-vjvj',
17 silly audit report       title: 'Undici: Malicious WebSocket 64-bit length overflows parser and crashes the client',
17 silly audit report       severity: 'high',
17 silly audit report       vulnerable_versions: '>=6.0.0 <6.24.0',
17 silly audit report       cwe: [Array],
17 silly audit report       cvss: [Object]
17 silly audit report     },
17 silly audit report     {
17 silly audit report       id: 1114594,
17 silly audit report       url: 'https://github.com/advisories/GHSA-2mjp-6q6p-2qxm',
17 silly audit report       title: 'Undici has an HTTP Request/Response Smuggling issue',
17 silly audit report       severity: 'moderate',
17 silly audit report       vulnerable_versions: '<6.24.0',
17 silly audit report       cwe: [Array],
17 silly audit report       cvss: [Object]
17 silly audit report     },
17 silly audit report     {
17 silly audit report       id: 1114638,
17 silly audit report       url: 'https://github.com/advisories/GHSA-vrm6-8vpv-qv8q',
17 silly audit report       title: 'Undici has Unbounded Memory Consumption in WebSocket permessage-deflate Decompression',
17 silly audit report       severity: 'high',
17 silly audit report       vulnerable_versions: '<6.24.0',
17 silly audit report       cwe: [Array],
17 silly audit report       cvss: [Object]
17 silly audit report     },
17 silly audit report     {
17 silly audit report       id: 1114640,
17 silly audit report       url: 'https://github.com/advisories/GHSA-v9p9-hfj2-hcw8',
17 silly audit report       title: 'Undici has Unhandled Exception in WebSocket Client Due to Invalid server_max_window_bits Validation',
17 silly audit report       severity: 'high',
17 silly audit report       vulnerable_versions: '<6.24.0',
17 silly audit report       cwe: [Array],
17 silly audit report       cvss: [Object]
17 silly audit report     },
17 silly audit report     {
17 silly audit report       id: 1114642,
17 silly audit report       url: 'https://github.com/advisories/GHSA-4992-7rv2-5pvq',
17 silly audit report       title: 'Undici has CRLF Injection in undici via `upgrade` option',
17 silly audit report       severity: 'moderate',
17 silly audit report       vulnerable_versions: '<6.24.0',
17 silly audit report       cwe: [Array],
17 silly audit report       cvss: [Object]
17 silly audit report     },
17 silly audit report     {
17 silly audit report       id: 1114834,
17 silly audit report       url: 'https://github.com/advisories/GHSA-3787-6prv-h9w3',
17 silly audit report       title: 'Undici proxy-authorization header not cleared on cross-origin redirect in fetch',
17 silly audit report       severity: 'low',
17 silly audit report       vulnerable_versions: '<=5.28.2',
17 silly audit report       cwe: [Array],
17 silly audit report       cvss: [Object]
17 silly audit report     }
17 silly audit report   ],
17 silly audit report   axios: [
17 silly audit report     {
17 silly audit report       id: 1111035,
17 silly audit report       url: 'https://github.com/advisories/GHSA-jr5f-v2jv-69x6',
17 silly audit report       title: 'axios Requests Vulnerable To Possible SSRF and Credential Leakage via Absolute URL',
17 silly audit report       severity: 'high',
17 silly audit report       vulnerable_versions: '>=1.0.0 <1.8.2',
17 silly audit report       cwe: [Array],
17 silly audit report       cvss: [Object]
17 silly audit report     },
17 silly audit report     {
17 silly audit report       id: 1112195,
17 silly audit report       url: 'https://github.com/advisories/GHSA-4hjh-wcwx-xvwj',
17 silly audit report       title: 'Axios is vulnerable to DoS attack through lack of data size check',
17 silly audit report       severity: 'high',
17 silly audit report       vulnerable_versions: '>=1.0.0 <1.12.0',
17 silly audit report       cwe: [Array],
17 silly audit report       cvss: [Object]
17 silly audit report     },
17 silly audit report     {
17 silly audit report       id: 1113275,
17 silly audit report       url: 'https://github.com/advisories/GHSA-43fc-jf86-j433',
17 silly audit report       title: 'Axios is Vulnerable to Denial of Service via __proto__ Key in mergeConfig',
17 silly audit report       severity: 'high',
17 silly audit report       vulnerable_versions: '>=1.0.0 <=1.13.4',
17 silly audit report       cwe: [Array],
17 silly audit report       cvss: [Object]
17 silly audit report     },
17 silly audit report     {
17 silly audit report       id: 1116276,
17 silly audit report       url: 'https://github.com/advisories/GHSA-qj83-cq47-w5f8',
17 silly audit report       title: 'Axios HTTP/2 Session Cleanup State Corruption Vulnerability',
17 silly audit report       severity: 'moderate',
17 silly audit report       vulnerable_versions: '<1.13.2',
17 silly audit report       cwe: [Array],
17 silly audit report       cvss: [Object]
17 silly audit report     },
17 silly audit report     {
17 silly audit report       id: 1116365,
17 silly audit report       url: 'https://github.com/advisories/GHSA-3p68-rc4w-qgx5',
17 silly audit report       title: 'Axios has a NO_PROXY Hostname Normalization Bypass Leads to SSRF',
17 silly audit report       severity: 'critical',
17 silly audit report       vulnerable_versions: '<1.15.0',
17 silly audit report       cwe: [Array],
17 silly audit report       cvss: [Object]
17 silly audit report     },
17 silly audit report     {
17 silly audit report       id: 1116473,
17 silly audit report       url: 'https://github.com/advisories/GHSA-fvcv-3m26-pcqx',
17 silly audit report       title: 'Axios has Unrestricted Cloud Metadata Exfiltration via Header Injection Chain',
17 silly audit report       severity: 'critical',
17 silly audit report       vulnerable_versions: '<1.15.0',
17 silly audit report       cwe: [Array],
17 silly audit report       cvss: [Object]
17 silly audit report     }
17 silly audit report   ],
17 silly audit report   cloudinary: [
17 silly audit report     {
17 silly audit report       id: 1109723,
17 silly audit report       url: 'https://github.com/advisories/GHSA-g4mf-96x5-5m2c',
17 silly audit report       title: 'Cloudinary Node SDK is vulnerable to Arbitrary Argument Injection through parameters that include an ampersand',
17 silly audit report       severity: 'high',
17 silly audit report       vulnerable_versions: '<2.7.0',
17 silly audit report       cwe: [Array],
17 silly audit report       cvss: [Object]
17 silly audit report     }
17 silly audit report   ],
17 silly audit report   'form-data': [
17 silly audit report     {
17 silly audit report       id: 1109538,
17 silly audit report       url: 'https://github.com/advisories/GHSA-fjxv-7rqg-78g4',
17 silly audit report       title: 'form-data uses unsafe random function in form-data for choosing boundary',
17 silly audit report       severity: 'critical',
17 silly audit report       vulnerable_versions: '>=4.0.0 <4.0.4',
17 silly audit report       cwe: [Array],
17 silly audit report       cvss: [Object]
17 silly audit report     }
17 silly audit report   ],
17 silly audit report   lodash: [
17 silly audit report     {
17 silly audit report       id: 1112455,
17 silly audit report       url: 'https://github.com/advisories/GHSA-xxjr-mmjv-4gpg',
17 silly audit report       title: 'Lodash has Prototype Pollution Vulnerability in `_.unset` and `_.omit` functions',
17 silly audit report       severity: 'moderate',
17 silly audit report       vulnerable_versions: '>=4.0.0 <=4.17.22',
17 silly audit report       cwe: [Array],
17 silly audit report       cvss: [Object]
17 silly audit report     },
17 silly audit report     {
17 silly audit report       id: 1115806,
17 silly audit report       url: 'https://github.com/advisories/GHSA-r5fr-rjxr-66jc',
17 silly audit report       title: 'lodash vulnerable to Code Injection via `_.template` imports key names',
17 silly audit report       severity: 'high',
17 silly audit report       vulnerable_versions: '>=4.0.0 <=4.17.23',
17 silly audit report       cwe: [Array],
17 silly audit report       cvss: [Object]
17 silly audit report     },
17 silly audit report     {
17 silly audit report       id: 1115810,
17 silly audit report       url: 'https://github.com/advisories/GHSA-f23m-r3pf-42rh',
17 silly audit report       title: 'lodash vulnerable to Prototype Pollution via array path bypass in `_.unset` and `_.omit`',
17 silly audit report       severity: 'moderate',
17 silly audit report       vulnerable_versions: '<=4.17.23',
17 silly audit report       cwe: [Array],
17 silly audit report       cvss: [Object]
17 silly audit report     }
17 silly audit report   ],
17 silly audit report   'serialize-javascript': [
17 silly audit report     {
17 silly audit report       id: 1113686,
17 silly audit report       url: 'https://github.com/advisories/GHSA-5c6j-r48x-rmvq',
17 silly audit report       title: 'Serialize JavaScript is Vulnerable to RCE via RegExp.flags and Date.prototype.toISOString()',
17 silly audit report       severity: 'high',
17 silly audit report       vulnerable_versions: '<=7.0.2',
17 silly audit report       cwe: [Array],
17 silly audit report       cvss: [Object]
17 silly audit report     },
17 silly audit report     {
17 silly audit report       id: 1115723,
17 silly audit report       url: 'https://github.com/advisories/GHSA-qj8w-gfj5-8c6v',
17 silly audit report       title: 'Serialize JavaScript has CPU Exhaustion Denial of Service via crafted array-like objects',
17 silly audit report       severity: 'moderate',
17 silly audit report       vulnerable_versions: '<7.0.5',
17 silly audit report       cwe: [Array],
17 silly audit report       cvss: [Object]
17 silly audit report     }
17 silly audit report   ],
17 silly audit report   yaml: [
17 silly audit report     {
17 silly audit report       id: 1115556,
17 silly audit report       url: 'https://github.com/advisories/GHSA-48c2-rrv3-qjmp',
17 silly audit report       title: 'yaml is vulnerable to Stack Overflow via deeply nested YAML collections',
17 silly audit report       severity: 'moderate',
17 silly audit report       vulnerable_versions: '>=2.0.0 <2.8.3',
17 silly audit report       cwe: [Array],
17 silly audit report       cvss: [Object]
17 silly audit report     }
17 silly audit report   ]
17 silly audit report }
18 silly packumentCache corgi:https://registry.npmjs.org/undici cache-miss
19 silly packumentCache corgi:https://registry.npmjs.org/axios cache-miss
20 silly packumentCache corgi:https://registry.npmjs.org/cloudinary cache-miss
21 silly packumentCache corgi:https://registry.npmjs.org/form-data cache-miss
22 silly packumentCache corgi:https://registry.npmjs.org/lodash cache-miss
23 silly packumentCache corgi:https://registry.npmjs.org/serialize-javascript cache-miss
24 silly packumentCache corgi:https://registry.npmjs.org/yaml cache-miss
25 http fetch GET 200 https://registry.npmjs.org/axios 510ms (cache revalidated)
26 silly packumentCache corgi:https://registry.npmjs.org/axios set size:277267 disposed:false
27 http fetch GET 200 https://registry.npmjs.org/form-data 798ms (cache revalidated)
28 silly packumentCache corgi:https://registry.npmjs.org/form-data set size:51426 disposed:false
29 http fetch GET 200 https://registry.npmjs.org/undici 994ms (cache revalidated)
30 silly packumentCache corgi:https://registry.npmjs.org/undici set size:425958 disposed:false
31 http fetch GET 200 https://registry.npmjs.org/yaml 1193ms (cache revalidated)
32 silly packumentCache corgi:https://registry.npmjs.org/yaml set size:160603 disposed:false
33 http fetch GET 200 https://registry.npmjs.org/cloudinary 1199ms (cache revalidated)
34 silly packumentCache corgi:https://registry.npmjs.org/cloudinary set size:156999 disposed:false
35 http fetch GET 200 https://registry.npmjs.org/lodash 1202ms (cache revalidated)
36 silly packumentCache corgi:https://registry.npmjs.org/lodash set size:69555 disposed:false
37 http fetch GET 200 https://registry.npmjs.org/serialize-javascript 1289ms (cache revalidated)
38 silly packumentCache corgi:https://registry.npmjs.org/serialize-javascript set size:36142 disposed:false
39 silly packumentCache corgi:https://registry.npmjs.org/discord.js cache-miss
40 http fetch GET 200 https://registry.npmjs.org/discord.js 105ms (cache revalidated)
41 silly packumentCache corgi:https://registry.npmjs.org/discord.js set size:4034297 disposed:false
42 silly packumentCache corgi:https://registry.npmjs.org/discord-html-transcripts cache-miss
43 http fetch GET 200 https://registry.npmjs.org/discord-html-transcripts 122ms (cache revalidated)
44 silly packumentCache corgi:https://registry.npmjs.org/discord-html-transcripts set size:64525 disposed:false
45 silly packumentCache corgi:https://registry.npmjs.org/@discordjs%2frest cache-miss
46 http fetch GET 200 https://registry.npmjs.org/@discordjs%2frest 75ms (cache revalidated)
47 silly packumentCache corgi:https://registry.npmjs.org/@discordjs%2frest set size:2899229 disposed:false
48 silly packumentCache corgi:https://registry.npmjs.org/hercai cache-miss
49 silly packumentCache corgi:https://registry.npmjs.org/is-image-header cache-miss
50 http fetch GET 200 https://registry.npmjs.org/hercai 328ms (cache revalidated)
51 silly packumentCache corgi:https://registry.npmjs.org/hercai set size:23895 disposed:false
52 http fetch GET 200 https://registry.npmjs.org/is-image-header 345ms (cache revalidated)
53 silly packumentCache corgi:https://registry.npmjs.org/is-image-header set size:16338 disposed:false
54 silly packumentCache corgi:https://registry.npmjs.org/@sapphire%2fshapeshift cache-miss
55 http fetch GET 200 https://registry.npmjs.org/@sapphire%2fshapeshift 61ms (cache revalidated)
56 silly packumentCache corgi:https://registry.npmjs.org/@sapphire%2fshapeshift set size:1051334 disposed:false
57 silly packumentCache corgi:https://registry.npmjs.org/discord-giveaways cache-miss
58 http fetch GET 200 https://registry.npmjs.org/discord-giveaways 204ms (cache revalidated)
59 silly packumentCache corgi:https://registry.npmjs.org/discord-giveaways set size:144665 disposed:false
60 silly packumentCache corgi:https://registry.npmjs.org/st.db cache-miss
61 http fetch GET 200 https://registry.npmjs.org/st.db 230ms (cache revalidated)
62 silly packumentCache corgi:https://registry.npmjs.org/st.db set size:64557 disposed:false
63 silly packumentCache corgi:https://registry.npmjs.org/@discordjs%2fws cache-miss
64 http fetch GET 200 https://registry.npmjs.org/@discordjs%2fws 356ms (cache revalidated)
65 silly packumentCache corgi:https://registry.npmjs.org/@discordjs%2fws set size:2712061 disposed:false
66 verbose cwd /home/container
67 verbose os Linux 6.8.0-87-generic
68 verbose node v22.22.1
69 verbose npm  v11.12.0
70 verbose exit 0
71 info ok
