0 verbose cli /usr/local/bin/node /usr/local/bin/npm
1 info using npm@11.12.0
2 info using node@v22.22.1
3 silly config load:file:/usr/local/lib/node_modules/npm/npmrc
4 silly config load:file:/home/container/.npmrc
5 silly config load:file:/usr/local/etc/npmrc
6 verbose title npm install
7 verbose argv "install"
8 verbose logfile logs-max:10 dir:/home/container/.npm/_logs/2026-04-11T01_27_43_229Z-
9 verbose logfile /home/container/.npm/_logs/2026-04-11T01_27_43_229Z-debug-0.log
10 silly logfile start cleaning logs, removing 1 files
11 silly packumentCache heap:271581184 maxSize:67895296 maxEntrySize:33947648
12 silly logfile done cleaning log files
13 silly idealTree buildDeps
14 silly reify moves {}
15 silly audit bulk request {
15 silly audit   '@derockdev/discord-components-core': [ '3.6.1' ],
15 silly audit   '@derockdev/discord-components-react': [ '3.6.1' ],
15 silly audit   '@discordjs/builders': [ '1.10.1' ],
15 silly audit   '@discordjs/collection': [ '1.5.3', '2.1.1' ],
15 silly audit   '@discordjs/formatters': [ '0.6.0' ],
15 silly audit   '@discordjs/rest': [ '2.4.3' ],
15 silly audit   undici: [ '6.21.1', '6.19.8', '5.27.2' ],
15 silly audit   '@discordjs/util': [ '1.1.1' ],
15 silly audit   '@discordjs/ws': [ '1.2.1' ],
15 silly audit   '@fastify/busboy': [ '2.1.1' ],
15 silly audit   '@sapphire/async-queue': [ '1.5.5' ],
15 silly audit   '@sapphire/shapeshift': [ '4.0.0' ],
15 silly audit   '@sapphire/snowflake': [ '3.5.3' ],
15 silly audit   '@stencil/core': [ '3.4.2' ],
15 silly audit   '@types/node': [ '22.13.1' ],
15 silly audit   '@types/prop-types': [ '15.7.13' ],
15 silly audit   '@types/react': [ '18.3.12' ],
15 silly audit   '@types/ws': [ '8.5.14' ],
15 silly audit   '@vladfrangu/async_event_emitter': [ '2.4.6' ],
15 silly audit   'ascii-table': [ '0.0.9' ],
15 silly audit   asynckit: [ '0.4.0' ],
15 silly audit   axios: [ '1.7.7' ],
15 silly audit   cloudinary: [ '2.6.0' ],
15 silly audit   clsx: [ '1.2.1' ],
15 silly audit   'combined-stream': [ '1.0.8' ],
15 silly audit   csstype: [ '3.1.3' ],
15 silly audit   'deepmerge-ts': [ '4.3.0' ],
15 silly audit   'delayed-stream': [ '1.0.0' ],
15 silly audit   'discord-api-types': [ '0.37.119' ],
15 silly audit   'discord-giveaways': [ '6.0.1' ],
15 silly audit   'discord-html-transcripts': [ '3.2.0' ],
15 silly audit   'discord-markdown-parser': [ '1.1.0' ],
15 silly audit   'discord.js': [ '14.17.3' ],
15 silly audit   'fast-deep-equal': [ '3.1.3' ],
15 silly audit   'follow-redirects': [ '1.15.6' ],
15 silly audit   'form-data': [ '4.0.0' ],
15 silly audit   'fs-extra': [ '8.1.0' ],
15 silly audit   jsonfile: [ '4.0.0', '5.0.0' ],
15 silly audit   'graceful-fs': [ '4.2.11' ],
15 silly audit   hercai: [ '12.3.2' ],
15 silly audit   'hex-to-rgba': [ '2.0.1' ],
15 silly audit   'highlight.js': [ '11.10.0' ],
15 silly audit   'is-image-header': [ '3.0.7' ],
15 silly audit   'js-tokens': [ '4.0.0' ],
15 silly audit   lodash: [ '4.17.21' ],
15 silly audit   'lodash.snakecase': [ '4.1.1' ],
15 silly audit   'loose-envify': [ '1.4.0' ],
15 silly audit   'magic-bytes.js': [ '1.10.0' ],
15 silly audit   'mime-db': [ '1.52.0' ],
15 silly audit   'mime-types': [ '2.1.35' ],
15 silly audit   moment: [ '2.30.1' ],
15 silly audit   ms: [ '2.1.3' ],
15 silly audit   'probot-transfer-uniqx': [ '1.0.0' ],
15 silly audit   'proxy-from-env': [ '1.1.0' ],
15 silly audit   q: [ '1.5.1' ],
15 silly audit   randombytes: [ '2.1.0' ],
15 silly audit   react: [ '18.3.1' ],
15 silly audit   'react-dom': [ '18.3.1' ],
15 silly audit   'safe-buffer': [ '5.2.1' ],
15 silly audit   scheduler: [ '0.23.2' ],
15 silly audit   'serialize-javascript': [ '6.0.2' ],
15 silly audit   'simple-markdown': [ '0.7.3' ],
15 silly audit   'st.db': [ '6.0.1' ],
15 silly audit   'string-crypto': [ '2.0.2' ],
15 silly audit   'ts-mixer': [ '6.0.4' ],
15 silly audit   tslib: [ '2.8.1' ],
15 silly audit   twemoji: [ '14.0.2' ],
15 silly audit   'twemoji-parser': [ '14.0.0' ],
15 silly audit   'undici-types': [ '6.20.0' ],
15 silly audit   universalify: [ '0.1.2' ],
15 silly audit   uuid: [ '10.0.0' ],
15 silly audit   ws: [ '8.18.0' ],
15 silly audit   yaml: [ '2.5.0' ]
15 silly audit }
16 http fetch GET 200 https://registry.npmjs.org/npm 1082ms
17 http fetch POST 200 https://registry.npmjs.org/-/npm/v1/security/advisories/bulk 1097ms
18 silly audit report {
18 silly audit report   undici: [
18 silly audit report     {
18 silly audit report       id: 1101609,
18 silly audit report       url: 'https://github.com/advisories/GHSA-c76h-2ccp-4975',
18 silly audit report       title: 'Use of Insufficiently Random Values in undici',
18 silly audit report       severity: 'moderate',
18 silly audit report       vulnerable_versions: '>=6.0.0 <6.21.1',
18 silly audit report       cwe: [Array],
18 silly audit report       cvss: [Object]
18 silly audit report     },
18 silly audit report     {
18 silly audit report       id: 1101610,
18 silly audit report       url: 'https://github.com/advisories/GHSA-c76h-2ccp-4975',
18 silly audit report       title: 'Use of Insufficiently Random Values in undici',
18 silly audit report       severity: 'moderate',
18 silly audit report       vulnerable_versions: '>=4.5.0 <5.28.5',
18 silly audit report       cwe: [Array],
18 silly audit report       cvss: [Object]
18 silly audit report     },
18 silly audit report     {
18 silly audit report       id: 1112496,
18 silly audit report       url: 'https://github.com/advisories/GHSA-g9mf-h72j-4rw9',
18 silly audit report       title: 'Undici has an unbounded decompression chain in HTTP responses on Node.js Fetch API via Content-Encoding leads to resource exhaustion',
18 silly audit report       severity: 'moderate',
18 silly audit report       vulnerable_versions: '<6.23.0',
18 silly audit report       cwe: [Array],
18 silly audit report       cvss: [Object]
18 silly audit report     },
18 silly audit report     {
18 silly audit report       id: 1109581,
18 silly audit report       url: 'https://github.com/advisories/GHSA-9qxr-qj54-h672',
18 silly audit report       title: "Undici's fetch with integrity option is too lax when algorithm is specified but hash value is in incorrect",
18 silly audit report       severity: 'low',
18 silly audit report       vulnerable_versions: '<5.28.4',
18 silly audit report       cwe: [Array],
18 silly audit report       cvss: [Object]
18 silly audit report     },
18 silly audit report     {
18 silly audit report       id: 1109583,
18 silly audit report       url: 'https://github.com/advisories/GHSA-m4v8-wqvr-p9f7',
18 silly audit report       title: "Undici's Proxy-Authorization header not cleared on cross-origin redirect for dispatch, request, stream, pipeline",
18 silly audit report       severity: 'low',
18 silly audit report       vulnerable_versions: '<5.28.4',
18 silly audit report       cwe: [Array],
18 silly audit report       cvss: [Object]
18 silly audit report     },
18 silly audit report     {
18 silly audit report       id: 1113068,
18 silly audit report       url: 'https://github.com/advisories/GHSA-cxrh-j4jr-qwg3',
18 silly audit report       title: 'undici Denial of Service attack via bad certificate data',
18 silly audit report       severity: 'low',
18 silly audit report       vulnerable_versions: '>=6.0.0 <6.21.2',
18 silly audit report       cwe: [Array],
18 silly audit report       cvss: [Object]
18 silly audit report     },
18 silly audit report     {
18 silly audit report       id: 1113069,
18 silly audit report       url: 'https://github.com/advisories/GHSA-cxrh-j4jr-qwg3',
18 silly audit report       title: 'undici Denial of Service attack via bad certificate data',
18 silly audit report       severity: 'low',
18 silly audit report       vulnerable_versions: '<5.29.0',
18 silly audit report       cwe: [Array],
18 silly audit report       cvss: [Object]
18 silly audit report     },
18 silly audit report     {
18 silly audit report       id: 1114592,
18 silly audit report       url: 'https://github.com/advisories/GHSA-f269-vfmq-vjvj',
18 silly audit report       title: 'Undici: Malicious WebSocket 64-bit length overflows parser and crashes the client',
18 silly audit report       severity: 'high',
18 silly audit report       vulnerable_versions: '>=6.0.0 <6.24.0',
18 silly audit report       cwe: [Array],
18 silly audit report       cvss: [Object]
18 silly audit report     },
18 silly audit report     {
18 silly audit report       id: 1114594,
18 silly audit report       url: 'https://github.com/advisories/GHSA-2mjp-6q6p-2qxm',
18 silly audit report       title: 'Undici has an HTTP Request/Response Smuggling issue',
18 silly audit report       severity: 'moderate',
18 silly audit report       vulnerable_versions: '<6.24.0',
18 silly audit report       cwe: [Array],
18 silly audit report       cvss: [Object]
18 silly audit report     },
18 silly audit report     {
18 silly audit report       id: 1114638,
18 silly audit report       url: 'https://github.com/advisories/GHSA-vrm6-8vpv-qv8q',
18 silly audit report       title: 'Undici has Unbounded Memory Consumption in WebSocket permessage-deflate Decompression',
18 silly audit report       severity: 'high',
18 silly audit report       vulnerable_versions: '<6.24.0',
18 silly audit report       cwe: [Array],
18 silly audit report       cvss: [Object]
18 silly audit report     },
18 silly audit report     {
18 silly audit report       id: 1114640,
18 silly audit report       url: 'https://github.com/advisories/GHSA-v9p9-hfj2-hcw8',
18 silly audit report       title: 'Undici has Unhandled Exception in WebSocket Client Due to Invalid server_max_window_bits Validation',
18 silly audit report       severity: 'high',
18 silly audit report       vulnerable_versions: '<6.24.0',
18 silly audit report       cwe: [Array],
18 silly audit report       cvss: [Object]
18 silly audit report     },
18 silly audit report     {
18 silly audit report       id: 1114642,
18 silly audit report       url: 'https://github.com/advisories/GHSA-4992-7rv2-5pvq',
18 silly audit report       title: 'Undici has CRLF Injection in undici via `upgrade` option',
18 silly audit report       severity: 'moderate',
18 silly audit report       vulnerable_versions: '<6.24.0',
18 silly audit report       cwe: [Array],
18 silly audit report       cvss: [Object]
18 silly audit report     },
18 silly audit report     {
18 silly audit report       id: 1114834,
18 silly audit report       url: 'https://github.com/advisories/GHSA-3787-6prv-h9w3',
18 silly audit report       title: 'Undici proxy-authorization header not cleared on cross-origin redirect in fetch',
18 silly audit report       severity: 'low',
18 silly audit report       vulnerable_versions: '<=5.28.2',
18 silly audit report       cwe: [Array],
18 silly audit report       cvss: [Object]
18 silly audit report     }
18 silly audit report   ],
18 silly audit report   axios: [
18 silly audit report     {
18 silly audit report       id: 1111035,
18 silly audit report       url: 'https://github.com/advisories/GHSA-jr5f-v2jv-69x6',
18 silly audit report       title: 'axios Requests Vulnerable To Possible SSRF and Credential Leakage via Absolute URL',
18 silly audit report       severity: 'high',
18 silly audit report       vulnerable_versions: '>=1.0.0 <1.8.2',
18 silly audit report       cwe: [Array],
18 silly audit report       cvss: [Object]
18 silly audit report     },
18 silly audit report     {
18 silly audit report       id: 1112195,
18 silly audit report       url: 'https://github.com/advisories/GHSA-4hjh-wcwx-xvwj',
18 silly audit report       title: 'Axios is vulnerable to DoS attack through lack of data size check',
18 silly audit report       severity: 'high',
18 silly audit report       vulnerable_versions: '>=1.0.0 <1.12.0',
18 silly audit report       cwe: [Array],
18 silly audit report       cvss: [Object]
18 silly audit report     },
18 silly audit report     {
18 silly audit report       id: 1113275,
18 silly audit report       url: 'https://github.com/advisories/GHSA-43fc-jf86-j433',
18 silly audit report       title: 'Axios is Vulnerable to Denial of Service via __proto__ Key in mergeConfig',
18 silly audit report       severity: 'high',
18 silly audit report       vulnerable_versions: '>=1.0.0 <=1.13.4',
18 silly audit report       cwe: [Array],
18 silly audit report       cvss: [Object]
18 silly audit report     },
18 silly audit report     {
18 silly audit report       id: 1116276,
18 silly audit report       url: 'https://github.com/advisories/GHSA-qj83-cq47-w5f8',
18 silly audit report       title: 'Axios HTTP/2 Session Cleanup State Corruption Vulnerability',
18 silly audit report       severity: 'moderate',
18 silly audit report       vulnerable_versions: '<1.13.2',
18 silly audit report       cwe: [Array],
18 silly audit report       cvss: [Object]
18 silly audit report     },
18 silly audit report     {
18 silly audit report       id: 1116365,
18 silly audit report       url: 'https://github.com/advisories/GHSA-3p68-rc4w-qgx5',
18 silly audit report       title: 'Axios has a NO_PROXY Hostname Normalization Bypass Leads to SSRF',
18 silly audit report       severity: 'critical',
18 silly audit report       vulnerable_versions: '<1.15.0',
18 silly audit report       cwe: [Array],
18 silly audit report       cvss: [Object]
18 silly audit report     },
18 silly audit report     {
18 silly audit report       id: 1116473,
18 silly audit report       url: 'https://github.com/advisories/GHSA-fvcv-3m26-pcqx',
18 silly audit report       title: 'Axios has Unrestricted Cloud Metadata Exfiltration via Header Injection Chain',
18 silly audit report       severity: 'critical',
18 silly audit report       vulnerable_versions: '<1.15.0',
18 silly audit report       cwe: [Array],
18 silly audit report       cvss: [Object]
18 silly audit report     }
18 silly audit report   ],
18 silly audit report   cloudinary: [
18 silly audit report     {
18 silly audit report       id: 1109723,
18 silly audit report       url: 'https://github.com/advisories/GHSA-g4mf-96x5-5m2c',
18 silly audit report       title: 'Cloudinary Node SDK is vulnerable to Arbitrary Argument Injection through parameters that include an ampersand',
18 silly audit report       severity: 'high',
18 silly audit report       vulnerable_versions: '<2.7.0',
18 silly audit report       cwe: [Array],
18 silly audit report       cvss: [Object]
18 silly audit report     }
18 silly audit report   ],
18 silly audit report   'form-data': [
18 silly audit report     {
18 silly audit report       id: 1109538,
18 silly audit report       url: 'https://github.com/advisories/GHSA-fjxv-7rqg-78g4',
18 silly audit report       title: 'form-data uses unsafe random function in form-data for choosing boundary',
18 silly audit report       severity: 'critical',
18 silly audit report       vulnerable_versions: '>=4.0.0 <4.0.4',
18 silly audit report       cwe: [Array],
18 silly audit report       cvss: [Object]
18 silly audit report     }
18 silly audit report   ],
18 silly audit report   lodash: [
18 silly audit report     {
18 silly audit report       id: 1112455,
18 silly audit report       url: 'https://github.com/advisories/GHSA-xxjr-mmjv-4gpg',
18 silly audit report       title: 'Lodash has Prototype Pollution Vulnerability in `_.unset` and `_.omit` functions',
18 silly audit report       severity: 'moderate',
18 silly audit report       vulnerable_versions: '>=4.0.0 <=4.17.22',
18 silly audit report       cwe: [Array],
18 silly audit report       cvss: [Object]
18 silly audit report     },
18 silly audit report     {
18 silly audit report       id: 1115806,
18 silly audit report       url: 'https://github.com/advisories/GHSA-r5fr-rjxr-66jc',
18 silly audit report       title: 'lodash vulnerable to Code Injection via `_.template` imports key names',
18 silly audit report       severity: 'high',
18 silly audit report       vulnerable_versions: '>=4.0.0 <=4.17.23',
18 silly audit report       cwe: [Array],
18 silly audit report       cvss: [Object]
18 silly audit report     },
18 silly audit report     {
18 silly audit report       id: 1115810,
18 silly audit report       url: 'https://github.com/advisories/GHSA-f23m-r3pf-42rh',
18 silly audit report       title: 'lodash vulnerable to Prototype Pollution via array path bypass in `_.unset` and `_.omit`',
18 silly audit report       severity: 'moderate',
18 silly audit report       vulnerable_versions: '<=4.17.23',
18 silly audit report       cwe: [Array],
18 silly audit report       cvss: [Object]
18 silly audit report     }
18 silly audit report   ],
18 silly audit report   'serialize-javascript': [
18 silly audit report     {
18 silly audit report       id: 1113686,
18 silly audit report       url: 'https://github.com/advisories/GHSA-5c6j-r48x-rmvq',
18 silly audit report       title: 'Serialize JavaScript is Vulnerable to RCE via RegExp.flags and Date.prototype.toISOString()',
18 silly audit report       severity: 'high',
18 silly audit report       vulnerable_versions: '<=7.0.2',
18 silly audit report       cwe: [Array],
18 silly audit report       cvss: [Object]
18 silly audit report     },
18 silly audit report     {
18 silly audit report       id: 1115723,
18 silly audit report       url: 'https://github.com/advisories/GHSA-qj8w-gfj5-8c6v',
18 silly audit report       title: 'Serialize JavaScript has CPU Exhaustion Denial of Service via crafted array-like objects',
18 silly audit report       severity: 'moderate',
18 silly audit report       vulnerable_versions: '<7.0.5',
18 silly audit report       cwe: [Array],
18 silly audit report       cvss: [Object]
18 silly audit report     }
18 silly audit report   ],
18 silly audit report   yaml: [
18 silly audit report     {
18 silly audit report       id: 1115556,
18 silly audit report       url: 'https://github.com/advisories/GHSA-48c2-rrv3-qjmp',
18 silly audit report       title: 'yaml is vulnerable to Stack Overflow via deeply nested YAML collections',
18 silly audit report       severity: 'moderate',
18 silly audit report       vulnerable_versions: '>=2.0.0 <2.8.3',
18 silly audit report       cwe: [Array],
18 silly audit report       cvss: [Object]
18 silly audit report     }
18 silly audit report   ]
18 silly audit report }
19 silly packumentCache corgi:https://registry.npmjs.org/undici cache-miss
20 silly packumentCache corgi:https://registry.npmjs.org/axios cache-miss
21 silly packumentCache corgi:https://registry.npmjs.org/cloudinary cache-miss
22 silly packumentCache corgi:https://registry.npmjs.org/form-data cache-miss
23 silly packumentCache corgi:https://registry.npmjs.org/lodash cache-miss
24 silly packumentCache corgi:https://registry.npmjs.org/serialize-javascript cache-miss
25 silly packumentCache corgi:https://registry.npmjs.org/yaml cache-miss
26 http fetch GET 200 https://registry.npmjs.org/cloudinary 495ms (cache revalidated)
27 silly packumentCache corgi:https://registry.npmjs.org/cloudinary set size:156999 disposed:false
28 http fetch GET 200 https://registry.npmjs.org/form-data 605ms (cache revalidated)
29 silly packumentCache corgi:https://registry.npmjs.org/form-data set size:51426 disposed:false
30 http fetch GET 200 https://registry.npmjs.org/serialize-javascript 606ms (cache revalidated)
31 silly packumentCache corgi:https://registry.npmjs.org/serialize-javascript set size:36142 disposed:false
32 http fetch GET 200 https://registry.npmjs.org/yaml 609ms (cache revalidated)
33 silly packumentCache corgi:https://registry.npmjs.org/yaml set size:160603 disposed:false
34 http fetch GET 200 https://registry.npmjs.org/undici 806ms (cache updated)
35 silly packumentCache corgi:https://registry.npmjs.org/undici set size:undefined disposed:false
36 http fetch GET 200 https://registry.npmjs.org/lodash 1197ms (cache updated)
37 silly packumentCache corgi:https://registry.npmjs.org/lodash set size:undefined disposed:false
38 http fetch GET 200 https://registry.npmjs.org/axios 1311ms (cache updated)
39 silly packumentCache corgi:https://registry.npmjs.org/axios set size:undefined disposed:false
40 silly packumentCache corgi:https://registry.npmjs.org/discord.js cache-miss
41 http fetch GET 200 https://registry.npmjs.org/discord.js 415ms (cache updated)
42 silly packumentCache corgi:https://registry.npmjs.org/discord.js set size:undefined disposed:false
43 silly packumentCache corgi:https://registry.npmjs.org/discord-html-transcripts cache-miss
44 http fetch GET 200 https://registry.npmjs.org/discord-html-transcripts 38ms (cache revalidated)
45 silly packumentCache corgi:https://registry.npmjs.org/discord-html-transcripts set size:64525 disposed:false
46 silly packumentCache corgi:https://registry.npmjs.org/@discordjs%2frest cache-miss
47 http fetch GET 200 https://registry.npmjs.org/@discordjs%2frest 492ms (cache updated)
48 silly packumentCache corgi:https://registry.npmjs.org/@discordjs%2frest set size:undefined disposed:false
49 silly packumentCache corgi:https://registry.npmjs.org/hercai cache-miss
50 silly packumentCache corgi:https://registry.npmjs.org/is-image-header cache-miss
51 http fetch GET 200 https://registry.npmjs.org/is-image-header 344ms (cache revalidated)
52 silly packumentCache corgi:https://registry.npmjs.org/is-image-header set size:16338 disposed:false
53 http fetch GET 200 https://registry.npmjs.org/hercai 600ms (cache revalidated)
54 silly packumentCache corgi:https://registry.npmjs.org/hercai set size:23895 disposed:false
55 silly packumentCache corgi:https://registry.npmjs.org/@sapphire%2fshapeshift cache-miss
56 http fetch GET 200 https://registry.npmjs.org/@sapphire%2fshapeshift 195ms (cache revalidated)
57 silly packumentCache corgi:https://registry.npmjs.org/@sapphire%2fshapeshift set size:1051334 disposed:false
58 silly packumentCache corgi:https://registry.npmjs.org/discord-giveaways cache-miss
59 http fetch GET 200 https://registry.npmjs.org/discord-giveaways 191ms (cache revalidated)
60 silly packumentCache corgi:https://registry.npmjs.org/discord-giveaways set size:144665 disposed:false
61 silly packumentCache corgi:https://registry.npmjs.org/st.db cache-miss
62 http fetch GET 200 https://registry.npmjs.org/st.db 226ms (cache revalidated)
63 silly packumentCache corgi:https://registry.npmjs.org/st.db set size:64557 disposed:false
64 silly packumentCache corgi:https://registry.npmjs.org/@discordjs%2fws cache-miss
65 http fetch GET 200 https://registry.npmjs.org/@discordjs%2fws 9316ms (cache updated)
66 silly packumentCache corgi:https://registry.npmjs.org/@discordjs%2fws set size:undefined disposed:false
67 verbose cwd /home/container
68 verbose os Linux 6.8.0-87-generic
69 verbose node v22.22.1
70 verbose npm  v11.12.0
71 notice
71 notice New [36mpatch[39m version of npm available! [36m11.12.0[39m -> [34m11.12.1[39m
71 notice Changelog: [34mhttps://github.com/npm/cli/releases/tag/v11.12.1[39m
71 notice To update run: [4mnpm install -g npm@11.12.1[24m
71 notice  { force: true, [Symbol(proc-log.meta)]: true }
72 verbose exit 0
73 info ok
